<?xml version="1.0" encoding="UTF-8"?>
<!-- Generated by org.testng.reporters.JUnitXMLReporter -->
<testsuite hostname="BLRW3022661" ignored="0" name="AppSccript Bag Suite" tests="12" failures="11" timestamp="22 Jan 2018 08:58:10 GMT" time="15.365" errors="0">
  <testcase name="LogintoBag" time="14.329" classname="appscriptBagTest.AddOrRemoveBag_BagLimitValidation">
    <failure type="org.openqa.selenium.WebDriverException" message="unknown error: cannot get automation extension
from unknown error: page could not be found: chrome-extension://aapnijgdinlhnhlmodcfapnahmbfebeb/_generated_background_page.html
  (Session info: chrome=63.0.3239.132)
  (Driver info: chromedriver=2.29.461591 (62ebf098771772160f391d75e589dc567915b233),platform=Windows NT 6.1.7601 SP1 x86_64) (WARNING: The server did not provide any stacktrace information)
Command duration or timeout: 10.03 seconds
Build info: version: &amp;apos;unknown&amp;apos;, revision: &amp;apos;unknown&amp;apos;, time: &amp;apos;unknown&amp;apos;
System info: host: &amp;apos;BLRW3022661&amp;apos;, ip: &amp;apos;10.205.51.88&amp;apos;, os.name: &amp;apos;Windows 7&amp;apos;, os.arch: &amp;apos;amd64&amp;apos;, os.version: &amp;apos;6.1&amp;apos;, java.version: &amp;apos;1.8.0_144&amp;apos;
Driver info: org.openqa.selenium.chrome.ChromeDriver
Capabilities [{applicationCacheEnabled=false, rotatable=false, mobileEmulationEnabled=false, networkConnectionEnabled=false, chrome={chromedriverVersion=2.29.461591 (62ebf098771772160f391d75e589dc567915b233), userDataDir=C:\Users\hhb\AppData\Local\Temp\scoped_dir8452_11300}, takesHeapSnapshot=true, pageLoadStrategy=normal, databaseEnabled=false, handlesAlerts=true, hasTouchScreen=false, version=63.0.3239.132, platform=XP, browserConnectionEnabled=false, nativeEvents=true, acceptSslCerts=true, locationContextEnabled=true, webStorageEnabled=true, browserName=chrome, takesScreenshot=true, javascriptEnabled=true, cssSelectorsEnabled=true, unexpectedAlertBehaviour=}]
Session ID: 6b854dc9847a3a4cab5367adaf206c9c">
      <![CDATA[org.openqa.selenium.WebDriverException: unknown error: cannot get automation extensionfrom unknown error: page could not be found: chrome-extension://aapnijgdinlhnhlmodcfapnahmbfebeb/_generated_background_page.html  (Session info: chrome=63.0.3239.132)  (Driver info: chromedriver=2.29.461591 (62ebf098771772160f391d75e589dc567915b233),platform=Windows NT 6.1.7601 SP1 x86_64) (WARNING: The server did not provide any stacktrace information)Command duration or timeout: 10.03 secondsBuild info: version: 'unknown', revision: 'unknown', time: 'unknown'System info: host: 'BLRW3022661', ip: '10.205.51.88', os.name: 'Windows 7', os.arch: 'amd64', os.version: '6.1', java.version: '1.8.0_144'Driver info: org.openqa.selenium.chrome.ChromeDriverCapabilities [{applicationCacheEnabled=false, rotatable=false, mobileEmulationEnabled=false, networkConnectionEnabled=false, chrome={chromedriverVersion=2.29.461591 (62ebf098771772160f391d75e589dc567915b233), userDataDir=C:\Users\hhb\AppData\Local\Temp\scoped_dir8452_11300}, takesHeapSnapshot=true, pageLoadStrategy=normal, databaseEnabled=false, handlesAlerts=true, hasTouchScreen=false, version=63.0.3239.132, platform=XP, browserConnectionEnabled=false, nativeEvents=true, acceptSslCerts=true, locationContextEnabled=true, webStorageEnabled=true, browserName=chrome, takesScreenshot=true, javascriptEnabled=true, cssSelectorsEnabled=true, unexpectedAlertBehaviour=}]Session ID: 6b854dc9847a3a4cab5367adaf206c9cat org.openqa.selenium.remote.ErrorHandler.createThrowable(ErrorHandler.java:215)at org.openqa.selenium.remote.ErrorHandler.throwIfResponseFailed(ErrorHandler.java:167)at org.openqa.selenium.remote.RemoteWebDriver.execute(RemoteWebDriver.java:671)at org.openqa.selenium.remote.RemoteWebDriver.execute(RemoteWebDriver.java:694)at org.openqa.selenium.remote.RemoteWebDriver$RemoteWebDriverOptions$RemoteWindow.maximize(RemoteWebDriver.java:925)at com.AppScript.generic.UtilLib.getDriver(UtilLib.java:94)at com.AppScript.generic.ApplicationUtility.AppScript_Login(ApplicationUtility.java:73)at appscriptBagTest.AddOrRemoveBag_BagLimitValidation.LogintoBag(AddOrRemoveBag_BagLimitValidation.java:54)... Removed 29 stack frames]]>
    </failure>
  </testcase> <!-- LogintoBag -->
  <testcase name="AddAppsToBag" time="0.649" classname="appscriptBagTest.AddOrRemoveBag_BagLimitValidation">
    <failure type="java.lang.NullPointerException">
      <![CDATA[java.lang.NullPointerExceptionat com.relevantcodes.extentreports.ExtentTest.isPathRelative(ExtentTest.java:203)at com.relevantcodes.extentreports.ExtentTest.addScreenCapture(ExtentTest.java:89)at com.AppScript.generic.ApplicationUtility.AddProductsToBag(ApplicationUtility.java:783)at appscriptBagTest.AddOrRemoveBag_BagLimitValidation.AddAppsToBag(AddOrRemoveBag_BagLimitValidation.java:63)... Removed 25 stack frames]]>
    </failure>
  </testcase> <!-- AddAppsToBag -->
  <testcase name="RemoveAppsfromBag" time="0.042" classname="appscriptBagTest.AddOrRemoveBag_BagLimitValidation">
    <failure type="java.lang.NullPointerException">
      <![CDATA[java.lang.NullPointerExceptionat com.relevantcodes.extentreports.ExtentTest.isPathRelative(ExtentTest.java:203)at com.relevantcodes.extentreports.ExtentTest.addScreenCapture(ExtentTest.java:89)at com.AppScript.generic.ApplicationUtility.RemoveProductsFromBag(ApplicationUtility.java:874)at appscriptBagTest.AddOrRemoveBag_BagLimitValidation.RemoveAppsfromBag(AddOrRemoveBag_BagLimitValidation.java:71)... Removed 25 stack frames]]>
    </failure>
  </testcase> <!-- RemoveAppsfromBag -->
  <testcase name="AddDevicestoBag" time="0.032" classname="appscriptBagTest.AddOrRemoveBag_BagLimitValidation">
    <failure type="java.lang.NullPointerException">
      <![CDATA[java.lang.NullPointerExceptionat com.relevantcodes.extentreports.ExtentTest.isPathRelative(ExtentTest.java:203)at com.relevantcodes.extentreports.ExtentTest.addScreenCapture(ExtentTest.java:89)at com.AppScript.generic.ApplicationUtility.AddProductsToBag(ApplicationUtility.java:783)at appscriptBagTest.AddOrRemoveBag_BagLimitValidation.AddDevicestoBag(AddOrRemoveBag_BagLimitValidation.java:79)... Removed 25 stack frames]]>
    </failure>
  </testcase> <!-- AddDevicestoBag -->
  <testcase name="RemoveDevicesFromBag" time="0.031" classname="appscriptBagTest.AddOrRemoveBag_BagLimitValidation">
    <failure type="java.lang.NullPointerException">
      <![CDATA[java.lang.NullPointerExceptionat com.relevantcodes.extentreports.ExtentTest.isPathRelative(ExtentTest.java:203)at com.relevantcodes.extentreports.ExtentTest.addScreenCapture(ExtentTest.java:89)at com.AppScript.generic.ApplicationUtility.RemoveProductsFromBag(ApplicationUtility.java:874)at appscriptBagTest.AddOrRemoveBag_BagLimitValidation.RemoveDevicesFromBag(AddOrRemoveBag_BagLimitValidation.java:88)... Removed 25 stack frames]]>
    </failure>
  </testcase> <!-- RemoveDevicesFromBag -->
  <testcase name="AddContentstoBag" time="0.031" classname="appscriptBagTest.AddOrRemoveBag_BagLimitValidation">
    <failure type="java.lang.NullPointerException">
      <![CDATA[java.lang.NullPointerExceptionat com.relevantcodes.extentreports.ExtentTest.isPathRelative(ExtentTest.java:203)at com.relevantcodes.extentreports.ExtentTest.addScreenCapture(ExtentTest.java:89)at com.AppScript.generic.ApplicationUtility.AddProductsToBag(ApplicationUtility.java:783)at appscriptBagTest.AddOrRemoveBag_BagLimitValidation.AddContentstoBag(AddOrRemoveBag_BagLimitValidation.java:97)... Removed 25 stack frames]]>
    </failure>
  </testcase> <!-- AddContentstoBag -->
  <testcase name="RemoveContentfromBag" time="0.032" classname="appscriptBagTest.AddOrRemoveBag_BagLimitValidation">
    <failure type="java.lang.NullPointerException">
      <![CDATA[java.lang.NullPointerExceptionat com.relevantcodes.extentreports.ExtentTest.isPathRelative(ExtentTest.java:203)at com.relevantcodes.extentreports.ExtentTest.addScreenCapture(ExtentTest.java:89)at com.AppScript.generic.ApplicationUtility.RemoveProductsFromBag(ApplicationUtility.java:874)at appscriptBagTest.AddOrRemoveBag_BagLimitValidation.RemoveContentfromBag(AddOrRemoveBag_BagLimitValidation.java:106)... Removed 25 stack frames]]>
    </failure>
  </testcase> <!-- RemoveContentfromBag -->
  <testcase name="RemoveButtonBagApps" time="0.029" classname="appscriptBagTest.AddOrRemoveBag_BagLimitValidation">
    <failure type="java.lang.NullPointerException">
      <![CDATA[java.lang.NullPointerExceptionat com.relevantcodes.extentreports.ExtentTest.isPathRelative(ExtentTest.java:203)at com.relevantcodes.extentreports.ExtentTest.addScreenCapture(ExtentTest.java:89)at com.AppScript.generic.ApplicationUtility.RemoveBagResourceButton(ApplicationUtility.java:1596)at appscriptBagTest.AddOrRemoveBag_BagLimitValidation.RemoveButtonBagApps(AddOrRemoveBag_BagLimitValidation.java:115)... Removed 25 stack frames]]>
    </failure>
  </testcase> <!-- RemoveButtonBagApps -->
  <testcase name="RemoveButtonBagDevices" time="0.032" classname="appscriptBagTest.AddOrRemoveBag_BagLimitValidation">
    <failure type="java.lang.NullPointerException">
      <![CDATA[java.lang.NullPointerExceptionat com.relevantcodes.extentreports.ExtentTest.isPathRelative(ExtentTest.java:203)at com.relevantcodes.extentreports.ExtentTest.addScreenCapture(ExtentTest.java:89)at com.AppScript.generic.ApplicationUtility.RemoveBagResourceButton(ApplicationUtility.java:1596)at appscriptBagTest.AddOrRemoveBag_BagLimitValidation.RemoveButtonBagDevices(AddOrRemoveBag_BagLimitValidation.java:124)... Removed 25 stack frames]]>
    </failure>
  </testcase> <!-- RemoveButtonBagDevices -->
  <testcase name="RemoveButtonBagContent" time="0.024" classname="appscriptBagTest.AddOrRemoveBag_BagLimitValidation">
    <failure type="java.lang.NullPointerException">
      <![CDATA[java.lang.NullPointerExceptionat com.relevantcodes.extentreports.ExtentTest.isPathRelative(ExtentTest.java:203)at com.relevantcodes.extentreports.ExtentTest.addScreenCapture(ExtentTest.java:89)at com.AppScript.generic.ApplicationUtility.RemoveBagResourceButton(ApplicationUtility.java:1596)at appscriptBagTest.AddOrRemoveBag_BagLimitValidation.RemoveButtonBagContent(AddOrRemoveBag_BagLimitValidation.java:134)... Removed 25 stack frames]]>
    </failure>
  </testcase> <!-- RemoveButtonBagContent -->
  <testcase name="VerifyBagLimitValidationMessage" time="0.055" classname="appscriptBagTest.AddOrRemoveBag_BagLimitValidation">
    <failure type="java.lang.NullPointerException">
      <![CDATA[java.lang.NullPointerExceptionat com.google.common.base.Preconditions.checkNotNull(Preconditions.java:770)at org.openqa.selenium.support.ui.FluentWait.<init>(FluentWait.java:96)at org.openqa.selenium.support.ui.WebDriverWait.<init>(WebDriverWait.java:71)at org.openqa.selenium.support.ui.WebDriverWait.<init>(WebDriverWait.java:45)at com.AppScript.generic.ApplicationUtility.BagLimit_ValidationMessage(ApplicationUtility.java:1110)at appscriptBagTest.AddOrRemoveBag_BagLimitValidation.VerifyBagLimitValidationMessage(AddOrRemoveBag_BagLimitValidation.java:147)... Removed 25 stack frames]]>
    </failure>
  </testcase> <!-- VerifyBagLimitValidationMessage -->
  <testcase name="VerifyLogout" time="0.013" classname="appscriptBagTest.AddOrRemoveBag_BagLimitValidation"/>
</testsuite> <!-- AppSccript Bag Suite -->
