<?xml version="1.0" encoding="UTF-8"?>
<!-- Generated by org.testng.reporters.JUnitXMLReporter -->
<testsuite hostname="BLRW3022661" ignored="0" name="AppSccript Footer Navigation" tests="1" failures="0" timestamp="23 Jan 2018 15:19:23 GMT" time="62.266" errors="0">
  <testcase name="@BeforeClass ApplicationLogin" time="62.221" classname="FooterTestNavigation.Footertest">
    <failure type="org.openqa.selenium.WebDriverException" message="chrome not reachable
  (Driver info: chromedriver=2.35.528161 (5b82f2d2aae0ca24b877009200ced9065a772e73),platform=Windows NT 6.1.7601 SP1 x86_64) (WARNING: The server did not provide any stacktrace information)
Command duration or timeout: 60.92 seconds
Build info: version: &amp;apos;unknown&amp;apos;, revision: &amp;apos;unknown&amp;apos;, time: &amp;apos;unknown&amp;apos;
System info: host: &amp;apos;BLRW3022661&amp;apos;, ip: &amp;apos;10.205.51.88&amp;apos;, os.name: &amp;apos;Windows 7&amp;apos;, os.arch: &amp;apos;amd64&amp;apos;, os.version: &amp;apos;6.1&amp;apos;, java.version: &amp;apos;1.8.0_144&amp;apos;
Driver info: driver.version: ChromeDriver">
      <![CDATA[org.openqa.selenium.WebDriverException: chrome not reachable  (Driver info: chromedriver=2.35.528161 (5b82f2d2aae0ca24b877009200ced9065a772e73),platform=Windows NT 6.1.7601 SP1 x86_64) (WARNING: The server did not provide any stacktrace information)Command duration or timeout: 60.92 secondsBuild info: version: 'unknown', revision: 'unknown', time: 'unknown'System info: host: 'BLRW3022661', ip: '10.205.51.88', os.name: 'Windows 7', os.arch: 'amd64', os.version: '6.1', java.version: '1.8.0_144'Driver info: driver.version: ChromeDriverat org.openqa.selenium.remote.ErrorHandler.createThrowable(ErrorHandler.java:215)at org.openqa.selenium.remote.ErrorHandler.throwIfResponseFailed(ErrorHandler.java:167)at org.openqa.selenium.remote.JsonWireProtocolResponse.lambda$new$0(JsonWireProtocolResponse.java:53)at org.openqa.selenium.remote.JsonWireProtocolResponse.lambda$getResponseFunction$2(JsonWireProtocolResponse.java:91)at org.openqa.selenium.remote.ProtocolHandshake.lambda$createSession$22(ProtocolHandshake.java:365)at java.util.stream.ReferencePipeline$3$1.accept(Unknown Source)at java.util.Spliterators$ArraySpliterator.tryAdvance(Unknown Source)at java.util.stream.ReferencePipeline.forEachWithCancel(Unknown Source)at java.util.stream.AbstractPipeline.copyIntoWithCancel(Unknown Source)at java.util.stream.AbstractPipeline.copyInto(Unknown Source)at java.util.stream.AbstractPipeline.wrapAndCopyInto(Unknown Source)at java.util.stream.FindOps$FindOp.evaluateSequential(Unknown Source)at java.util.stream.AbstractPipeline.evaluate(Unknown Source)at java.util.stream.ReferencePipeline.findFirst(Unknown Source)at org.openqa.selenium.remote.ProtocolHandshake.createSession(ProtocolHandshake.java:368)at org.openqa.selenium.remote.ProtocolHandshake.createSession(ProtocolHandshake.java:159)at org.openqa.selenium.remote.HttpCommandExecutor.execute(HttpCommandExecutor.java:142)at org.openqa.selenium.remote.service.DriverCommandExecutor.execute(DriverCommandExecutor.java:82)at org.openqa.selenium.remote.RemoteWebDriver.execute(RemoteWebDriver.java:637)at org.openqa.selenium.remote.RemoteWebDriver.startSession(RemoteWebDriver.java:250)at org.openqa.selenium.remote.RemoteWebDriver.startSession(RemoteWebDriver.java:236)at org.openqa.selenium.remote.RemoteWebDriver.<init>(RemoteWebDriver.java:137)at org.openqa.selenium.chrome.ChromeDriver.<init>(ChromeDriver.java:184)at org.openqa.selenium.chrome.ChromeDriver.<init>(ChromeDriver.java:171)at org.openqa.selenium.chrome.ChromeDriver.<init>(ChromeDriver.java:124)at FooterTestNavigation.Footertest.ApplicationLogin(Footertest.java:144)... Removed 30 stack frames]]>
    </failure>
  </testcase> <!-- @BeforeClass ApplicationLogin -->
  <testcase name="@AfterClass ReportFlush" time="0.0" classname="FooterTestNavigation.Footertest">
    <skipped/>
  </testcase> <!-- @AfterClass ReportFlush -->
  <testcase name="verifyFooterLinks_TOS_BeforeLogin" time="0.0" classname="FooterTestNavigation.Footertest">
    <skipped/>
  </testcase> <!-- verifyFooterLinks_TOS_BeforeLogin -->
</testsuite> <!-- AppSccript Footer Navigation -->
